<?xml version="1.0" encoding="UTF-8"?>
<testsuite xmlns:xsi="http://www.w3.org/2001/XMLSchema-instance" xsi:schemaLocation="https://maven.apache.org/surefire/maven-surefire-plugin/xsd/surefire-test-report.xsd" name="TestSuite" time="4.16" tests="7" errors="0" skipped="0" failures="1">
  <properties>
[...]
</properties>
  <testcase name="GetAllCountries" classname="com.hellofresh.apitest.TestRestService" time="3.331"/>
  <testcase name="tryCreateNewCountry" classname="com.hellofresh.apitest.TestRestService" time="3.331">
    <failure message="1 expectation failed.&#10;Expected status code &lt;201&gt; doesn&apos;t match actual status code &lt;200&gt;.&#10;" type="java.lang.AssertionError"><![CDATA[java.lang.AssertionError: 
1 expectation failed.
Expected status code <201> doesn't match actual status code <200>.

	at com.hellofresh.apitest.TestRestService.tryCreateNewCountry(TestRestService.java:87)
]]></failure>
  </testcase>
  <testcase name="validateIndividualCountry" classname="com.hellofresh.apitest.TestRestService" time="0"/>
  <testcase name="validateIndividualCountry" classname="com.hellofresh.apitest.TestRestService" time="0"/>
  <testcase name="validateIndividualCountry" classname="com.hellofresh.apitest.TestRestService" time="0"/>
  <testcase name="validateResponseForInexistentCountry" classname="com.hellofresh.apitest.TestRestService" time="0"/>
  <testcase name="validateGetAllCountries" classname="com.hellofresh.apitest.TestRestService" time="0"/>
</testsuite>